# JRE version: OpenJDK Runtime Environment (8.0_152-b01) (build 1.8.0_152-release-915-b01)
# Java VM: OpenJDK 64-Bit Server VM (25.152-b01 mixed mode windows-amd64 compressed oops)
Heap:
 PSYoungGen      total 235520K, used 142662K [0x00000000e0000000, 0x00000000f1200000, 0x0000000100000000)
  eden space 221696K, 61% used [0x00000000e0000000,0x00000000e8605a38,0x00000000ed880000)
  from space 13824K, 39% used [0x00000000ed880000,0x00000000eddcc060,0x00000000ee600000)
  to   space 13312K, 0% used [0x00000000f0500000,0x00000000f0500000,0x00000000f1200000)
 ParOldGen       total 64000K, used 49689K [0x00000000a0000000, 0x00000000a3e80000, 0x00000000e0000000)
  object space 64000K, 77% used [0x00000000a0000000,0x00000000a30864d8,0x00000000a3e80000)
 Metaspace       used 68120K, capacity 70472K, committed 70744K, reserved 1110016K
  class space    used 8708K, capacity 9247K, committed 9344K, reserved 1048576K
GC Heap History (10 events):
Event: 251.968 GC heap before
{Heap before GC invocations=24 (full 3):
 PSYoungGen      total 172544K, used 162590K [0x00000000e0000000, 0x00000000eb900000, 0x0000000100000000)
  eden space 157184K, 100% used [0x00000000e0000000,0x00000000e9980000,0x00000000e9980000)
  from space 15360K, 35% used [0x00000000ea800000,0x00000000ead47ba0,0x00000000eb700000)
  to   space 14848K, 0% used [0x00000000e9980000,0x00000000e9980000,0x00000000ea800000)
 ParOldGen       total 64000K, used 41461K [0x00000000a0000000, 0x00000000a3e80000, 0x00000000e0000000)
  object space 64000K, 64% used [0x00000000a0000000,0x00000000a287d460,0x00000000a3e80000)
 Metaspace       used 68042K, capacity 70472K, committed 70744K, reserved 1110016K
  class space    used 8707K, capacity 9247K, committed 9344K, reserved 1048576K
Event: 252.026 GC heap after
Heap after GC invocations=24 (full 3):
 PSYoungGen      total 172032K, used 3600K [0x00000000e0000000, 0x00000000ed380000, 0x0000000100000000)
  eden space 157184K, 0% used [0x00000000e0000000,0x00000000e0000000,0x00000000e9980000)
  from space 14848K, 24% used [0x00000000e9980000,0x00000000e9d04070,0x00000000ea800000)
  to   space 14336K, 0% used [0x00000000ec580000,0x00000000ec580000,0x00000000ed380000)
 ParOldGen       total 64000K, used 43753K [0x00000000a0000000, 0x00000000a3e80000, 0x00000000e0000000)
  object space 64000K, 68% used [0x00000000a0000000,0x00000000a2aba4b8,0x00000000a3e80000)
 Metaspace       used 68042K, capacity 70472K, committed 70744K, reserved 1110016K
  class space    used 8707K, capacity 9247K, committed 9344K, reserved 1048576K
}
Event: 257.172 GC heap before
{Heap before GC invocations=25 (full 3):
 PSYoungGen      total 172032K, used 160784K [0x00000000e0000000, 0x00000000ed380000, 0x0000000100000000)
  eden space 157184K, 100% used [0x00000000e0000000,0x00000000e9980000,0x00000000e9980000)
  from space 14848K, 24% used [0x00000000e9980000,0x00000000e9d04070,0x00000000ea800000)
  to   space 14336K, 0% used [0x00000000ec580000,0x00000000ec580000,0x00000000ed380000)
 ParOldGen       total 64000K, used 43753K [0x00000000a0000000, 0x00000000a3e80000, 0x00000000e0000000)
  object space 64000K, 68% used [0x00000000a0000000,0x00000000a2aba4b8,0x00000000a3e80000)
 Metaspace       used 68065K, capacity 70472K, committed 70744K, reserved 1110016K
  class space    used 8707K, capacity 9247K, committed 9344K, reserved 1048576K
Event: 257.250 GC heap after
Heap after GC invocations=25 (full 3):
 PSYoungGen      total 202240K, used 3008K [0x00000000e0000000, 0x00000000ed380000, 0x0000000100000000)
  eden space 187904K, 0% used [0x00000000e0000000,0x00000000e0000000,0x00000000eb780000)
  from space 14336K, 20% used [0x00000000ec580000,0x00000000ec870070,0x00000000ed380000)
  to   space 14336K, 0% used [0x00000000eb780000,0x00000000eb780000,0x00000000ec580000)
 ParOldGen       total 64000K, used 45857K [0x00000000a0000000, 0x00000000a3e80000, 0x00000000e0000000)
  object space 64000K, 71% used [0x00000000a0000000,0x00000000a2cc84c8,0x00000000a3e80000)
 Metaspace       used 68065K, capacity 70472K, committed 70744K, reserved 1110016K
  class space    used 8707K, capacity 9247K, committed 9344K, reserved 1048576K
}
Event: 264.353 GC heap before
{Heap before GC invocations=26 (full 3):
 PSYoungGen      total 202240K, used 190912K [0x00000000e0000000, 0x00000000ed380000, 0x0000000100000000)
  eden space 187904K, 100% used [0x00000000e0000000,0x00000000eb780000,0x00000000eb780000)
  from space 14336K, 20% used [0x00000000ec580000,0x00000000ec870070,0x00000000ed380000)
  to   space 14336K, 0% used [0x00000000eb780000,0x00000000eb780000,0x00000000ec580000)
 ParOldGen       total 64000K, used 45857K [0x00000000a0000000, 0x00000000a3e80000, 0x00000000e0000000)
  object space 64000K, 71% used [0x00000000a0000000,0x00000000a2cc84c8,0x00000000a3e80000)
 Metaspace       used 68075K, capacity 70472K, committed 70744K, reserved 1110016K
  class space    used 8707K, capacity 9247K, committed 9344K, reserved 1048576K
Event: 264.456 GC heap after
Heap after GC invocations=26 (full 3):
 PSYoungGen      total 202240K, used 3296K [0x00000000e0000000, 0x00000000ef600000, 0x0000000100000000)
  eden space 187904K, 0% used [0x00000000e0000000,0x00000000e0000000,0x00000000eb780000)
  from space 14336K, 22% used [0x00000000eb780000,0x00000000ebab8060,0x00000000ec580000)
  to   space 13824K, 0% used [0x00000000ee880000,0x00000000ee880000,0x00000000ef600000)
 ParOldGen       total 64000K, used 47393K [0x00000000a0000000, 0x00000000a3e80000, 0x00000000e0000000)
  object space 64000K, 74% used [0x00000000a0000000,0x00000000a2e484c8,0x00000000a3e80000)
 Metaspace       used 68075K, capacity 70472K, committed 70744K, reserved 1110016K
  class space    used 8707K, capacity 9247K, committed 9344K, reserved 1048576K
}
Event: 271.757 GC heap before
{Heap before GC invocations=27 (full 3):
 PSYoungGen      total 202240K, used 191200K [0x00000000e0000000, 0x00000000ef600000, 0x0000000100000000)
  eden space 187904K, 100% used [0x00000000e0000000,0x00000000eb780000,0x00000000eb780000)
  from space 14336K, 22% used [0x00000000eb780000,0x00000000ebab8060,0x00000000ec580000)
  to   space 13824K, 0% used [0x00000000ee880000,0x00000000ee880000,0x00000000ef600000)
 ParOldGen       total 64000K, used 47393K [0x00000000a0000000, 0x00000000a3e80000, 0x00000000e0000000)
  object space 64000K, 74% used [0x00000000a0000000,0x00000000a2e484c8,0x00000000a3e80000)
 Metaspace       used 68082K, capacity 70472K, committed 70744K, reserved 1110016K
  class space    used 8707K, capacity 9247K, committed 9344K, reserved 1048576K
Event: 271.818 GC heap after
Heap after GC invocations=27 (full 3):
 PSYoungGen      total 232960K, used 8192K [0x00000000e0000000, 0x00000000ef380000, 0x0000000100000000)
  eden space 221696K, 0% used [0x00000000e0000000,0x00000000e0000000,0x00000000ed880000)
  from space 11264K, 72% used [0x00000000ee880000,0x00000000ef080050,0x00000000ef380000)
  to   space 13824K, 0% used [0x00000000ed880000,0x00000000ed880000,0x00000000ee600000)
 ParOldGen       total 64000K, used 49689K [0x00000000a0000000, 0x00000000a3e80000, 0x00000000e0000000)
  object space 64000K, 77% used [0x00000000a0000000,0x00000000a30864d8,0x00000000a3e80000)
 Metaspace       used 68082K, capacity 70472K, committed 70744K, reserved 1110016K
  class space    used 8707K, capacity 9247K, committed 9344K, reserved 1048576K
}
Event: 280.017 GC heap before
{Heap before GC invocations=28 (full 3):
 PSYoungGen      total 232960K, used 229888K [0x00000000e0000000, 0x00000000ef380000, 0x0000000100000000)
  eden space 221696K, 100% used [0x00000000e0000000,0x00000000ed880000,0x00000000ed880000)
  from space 11264K, 72% used [0x00000000ee880000,0x00000000ef080050,0x00000000ef380000)
  to   space 13824K, 0% used [0x00000000ed880000,0x00000000ed880000,0x00000000ee600000)
 ParOldGen       total 64000K, used 49689K [0x00000000a0000000, 0x00000000a3e80000, 0x00000000e0000000)
  object space 64000K, 77% used [0x00000000a0000000,0x00000000a30864d8,0x00000000a3e80000)
 Metaspace       used 68111K, capacity 70472K, committed 70744K, reserved 1110016K
  class space    used 8708K, capacity 9247K, committed 9344K, reserved 1048576K
Event: 280.194 GC heap after
Heap after GC invocations=28 (full 3):
 PSYoungGen      total 235520K, used 5424K [0x00000000e0000000, 0x00000000f1200000, 0x0000000100000000)
  eden space 221696K, 0% used [0x00000000e0000000,0x00000000e0000000,0x00000000ed880000)
  from space 13824K, 39% used [0x00000000ed880000,0x00000000eddcc060,0x00000000ee600000)
  to   space 13312K, 0% used [0x00000000f0500000,0x00000000f0500000,0x00000000f1200000)
 ParOldGen       total 64000K, used 49689K [0x00000000a0000000, 0x00000000a3e80000, 0x00000000e0000000)
  object space 64000K, 77% used [0x00000000a0000000,0x00000000a30864d8,0x00000000a3e80000)
 Metaspace       used 68111K, capacity 70472K, committed 70744K, reserved 1110016K
  class space    used 8708K, capacity 9247K, committed 9344K, reserved 1048576K
}

