# JRE version: OpenJDK Runtime Environment (8.0_152-b01) (build 1.8.0_152-release-915-b01)
# Java VM: OpenJDK 64-Bit Server VM (25.152-b01 mixed mode windows-amd64 compressed oops)
Heap:
 PSYoungGen      total 484864K, used 386603K [0x00000000e0000000, 0x0000000100000000, 0x0000000100000000)
  eden space 451072K, 84% used [0x00000000e0000000,0x00000000f724ec20,0x00000000fb880000)
  from space 33792K, 21% used [0x00000000fb880000,0x00000000fbfbc050,0x00000000fd980000)
  to   space 33280K, 0% used [0x00000000fdf80000,0x00000000fdf80000,0x0000000100000000)
 ParOldGen       total 128000K, used 105912K [0x00000000a0000000, 0x00000000a7d00000, 0x00000000e0000000)
  object space 128000K, 82% used [0x00000000a0000000,0x00000000a676e0d8,0x00000000a7d00000)
 Metaspace       used 126169K, capacity 133918K, committed 134272K, reserved 1165312K
  class space    used 15681K, capacity 17411K, committed 17536K, reserved 1048576K
GC Heap History (10 events):
Event: 2075.080 GC heap before
{Heap before GC invocations=32 (full 5):
 PSYoungGen      total 345600K, used 26088K [0x00000000e0000000, 0x00000000fc200000, 0x0000000100000000)
  eden space 319488K, 0% used [0x00000000e0000000,0x00000000e0000000,0x00000000f3800000)
  from space 26112K, 99% used [0x00000000f3800000,0x00000000f517a020,0x00000000f5180000)
  to   space 35840K, 0% used [0x00000000f9f00000,0x00000000f9f00000,0x00000000fc200000)
 ParOldGen       total 96256K, used 92377K [0x00000000a0000000, 0x00000000a5e00000, 0x00000000e0000000)
  object space 96256K, 95% used [0x00000000a0000000,0x00000000a5a36590,0x00000000a5e00000)
 Metaspace       used 109678K, capacity 116456K, committed 116736K, reserved 1150976K
  class space    used 14059K, capacity 15532K, committed 15616K, reserved 1048576K
Event: 2110.949 GC heap after
Heap after GC invocations=32 (full 5):
 PSYoungGen      total 345600K, used 0K [0x00000000e0000000, 0x00000000fc200000, 0x0000000100000000)
  eden space 319488K, 0% used [0x00000000e0000000,0x00000000e0000000,0x00000000f3800000)
  from space 26112K, 0% used [0x00000000f3800000,0x00000000f3800000,0x00000000f5180000)
  to   space 35840K, 0% used [0x00000000f9f00000,0x00000000f9f00000,0x00000000fc200000)
 ParOldGen       total 128000K, used 80080K [0x00000000a0000000, 0x00000000a7d00000, 0x00000000e0000000)
  object space 128000K, 62% used [0x00000000a0000000,0x00000000a4e34238,0x00000000a7d00000)
 Metaspace       used 108885K, capacity 115062K, committed 116736K, reserved 1150976K
  class space    used 13909K, capacity 15253K, committed 15616K, reserved 1048576K
}
Event: 3967.089 GC heap before
{Heap before GC invocations=33 (full 5):
 PSYoungGen      total 345600K, used 319488K [0x00000000e0000000, 0x00000000fc200000, 0x0000000100000000)
  eden space 319488K, 100% used [0x00000000e0000000,0x00000000f3800000,0x00000000f3800000)
  from space 26112K, 0% used [0x00000000f3800000,0x00000000f3800000,0x00000000f5180000)
  to   space 35840K, 0% used [0x00000000f9f00000,0x00000000f9f00000,0x00000000fc200000)
 ParOldGen       total 128000K, used 80080K [0x00000000a0000000, 0x00000000a7d00000, 0x00000000e0000000)
  object space 128000K, 62% used [0x00000000a0000000,0x00000000a4e34238,0x00000000a7d00000)
 Metaspace       used 112796K, capacity 119696K, committed 119808K, reserved 1153024K
  class space    used 14272K, capacity 15798K, committed 15872K, reserved 1048576K
Event: 3973.440 GC heap after
Heap after GC invocations=33 (full 5):
 PSYoungGen      total 409600K, used 10401K [0x00000000e0000000, 0x00000000fb900000, 0x0000000100000000)
  eden space 382976K, 0% used [0x00000000e0000000,0x00000000e0000000,0x00000000f7600000)
  from space 26624K, 39% used [0x00000000f9f00000,0x00000000fa928528,0x00000000fb900000)
  to   space 34304K, 0% used [0x00000000f7600000,0x00000000f7600000,0x00000000f9780000)
 ParOldGen       total 128000K, used 80088K [0x00000000a0000000, 0x00000000a7d00000, 0x00000000e0000000)
  object space 128000K, 62% used [0x00000000a0000000,0x00000000a4e36238,0x00000000a7d00000)
 Metaspace       used 112796K, capacity 119696K, committed 119808K, reserved 1153024K
  class space    used 14272K, capacity 15798K, committed 15872K, reserved 1048576K
}
Event: 6483.199 GC heap before
{Heap before GC invocations=34 (full 5):
 PSYoungGen      total 409600K, used 393377K [0x00000000e0000000, 0x00000000fb900000, 0x0000000100000000)
  eden space 382976K, 100% used [0x00000000e0000000,0x00000000f7600000,0x00000000f7600000)
  from space 26624K, 39% used [0x00000000f9f00000,0x00000000fa928528,0x00000000fb900000)
  to   space 34304K, 0% used [0x00000000f7600000,0x00000000f7600000,0x00000000f9780000)
 ParOldGen       total 128000K, used 80088K [0x00000000a0000000, 0x00000000a7d00000, 0x00000000e0000000)
  object space 128000K, 62% used [0x00000000a0000000,0x00000000a4e36238,0x00000000a7d00000)
 Metaspace       used 120660K, capacity 128126K, committed 128256K, reserved 1161216K
  class space    used 15219K, capacity 16855K, committed 16896K, reserved 1048576K
Event: 6493.593 GC heap after
Heap after GC invocations=34 (full 5):
 PSYoungGen      total 417280K, used 11467K [0x00000000e0000000, 0x00000000ff980000, 0x0000000100000000)
  eden space 382976K, 0% used [0x00000000e0000000,0x00000000e0000000,0x00000000f7600000)
  from space 34304K, 33% used [0x00000000f7600000,0x00000000f8132d48,0x00000000f9780000)
  to   space 32768K, 0% used [0x00000000fd980000,0x00000000fd980000,0x00000000ff980000)
 ParOldGen       total 128000K, used 83414K [0x00000000a0000000, 0x00000000a7d00000, 0x00000000e0000000)
  object space 128000K, 65% used [0x00000000a0000000,0x00000000a5175be0,0x00000000a7d00000)
 Metaspace       used 120660K, capacity 128126K, committed 128256K, reserved 1161216K
  class space    used 15219K, capacity 16855K, committed 16896K, reserved 1048576K
}
Event: 6611.004 GC heap before
{Heap before GC invocations=35 (full 5):
 PSYoungGen      total 417280K, used 394443K [0x00000000e0000000, 0x00000000ff980000, 0x0000000100000000)
  eden space 382976K, 100% used [0x00000000e0000000,0x00000000f7600000,0x00000000f7600000)
  from space 34304K, 33% used [0x00000000f7600000,0x00000000f8132d48,0x00000000f9780000)
  to   space 32768K, 0% used [0x00000000fd980000,0x00000000fd980000,0x00000000ff980000)
 ParOldGen       total 128000K, used 83414K [0x00000000a0000000, 0x00000000a7d00000, 0x00000000e0000000)
  object space 128000K, 65% used [0x00000000a0000000,0x00000000a5175be0,0x00000000a7d00000)
 Metaspace       used 125907K, capacity 133718K, committed 134016K, reserved 1165312K
  class space    used 15678K, capacity 17411K, committed 17536K, reserved 1048576K
Event: 6618.693 GC heap after
Heap after GC invocations=35 (full 5):
 PSYoungGen      total 483840K, used 21720K [0x00000000e0000000, 0x0000000100000000, 0x0000000100000000)
  eden space 451072K, 0% used [0x00000000e0000000,0x00000000e0000000,0x00000000fb880000)
  from space 32768K, 66% used [0x00000000fd980000,0x00000000feeb6100,0x00000000ff980000)
  to   space 33792K, 0% used [0x00000000fb880000,0x00000000fb880000,0x00000000fd980000)
 ParOldGen       total 128000K, used 91499K [0x00000000a0000000, 0x00000000a7d00000, 0x00000000e0000000)
  object space 128000K, 71% used [0x00000000a0000000,0x00000000a595ae60,0x00000000a7d00000)
 Metaspace       used 125907K, capacity 133718K, committed 134016K, reserved 1165312K
  class space    used 15678K, capacity 17411K, committed 17536K, reserved 1048576K
}
Event: 6705.282 GC heap before
{Heap before GC invocations=36 (full 5):
 PSYoungGen      total 483840K, used 472792K [0x00000000e0000000, 0x0000000100000000, 0x0000000100000000)
  eden space 451072K, 100% used [0x00000000e0000000,0x00000000fb880000,0x00000000fb880000)
  from space 32768K, 66% used [0x00000000fd980000,0x00000000feeb6100,0x00000000ff980000)
  to   space 33792K, 0% used [0x00000000fb880000,0x00000000fb880000,0x00000000fd980000)
 ParOldGen       total 128000K, used 91499K [0x00000000a0000000, 0x00000000a7d00000, 0x00000000e0000000)
  object space 128000K, 71% used [0x00000000a0000000,0x00000000a595ae60,0x00000000a7d00000)
 Metaspace       used 126139K, capacity 133918K, committed 134272K, reserved 1165312K
  class space    used 15679K, capacity 17411K, committed 17536K, reserved 1048576K
Event: 6710.596 GC heap after
Heap after GC invocations=36 (full 5):
 PSYoungGen      total 484864K, used 7408K [0x00000000e0000000, 0x0000000100000000, 0x0000000100000000)
  eden space 451072K, 0% used [0x00000000e0000000,0x00000000e0000000,0x00000000fb880000)
  from space 33792K, 21% used [0x00000000fb880000,0x00000000fbfbc050,0x00000000fd980000)
  to   space 33280K, 0% used [0x00000000fdf80000,0x00000000fdf80000,0x0000000100000000)
 ParOldGen       total 128000K, used 105912K [0x00000000a0000000, 0x00000000a7d00000, 0x00000000e0000000)
  object space 128000K, 82% used [0x00000000a0000000,0x00000000a676e0d8,0x00000000a7d00000)
 Metaspace       used 126139K, capacity 133918K, committed 134272K, reserved 1165312K
  class space    used 15679K, capacity 17411K, committed 17536K, reserved 1048576K
}

